<?xml version="1.0" encoding="UTF-8"?>
<testsuite name="TestSuite" time="138.705" tests="50" errors="0" skipped="10" failures="0">
  <properties>
    <property name="java.runtime.name" value="Java(TM) SE Runtime Environment"/>
    <property name="sun.boot.library.path" value="/Library/Java/JavaVirtualMachines/jdk1.8.0_261.jdk/Contents/Home/jre/lib"/>
    <property name="java.vm.version" value="25.261-b12"/>
    <property name="gopherProxySet" value="false"/>
    <property name="java.vm.vendor" value="Oracle Corporation"/>
    <property name="maven.multiModuleProjectDirectory" value="/Users/ahmer/Documents/Shipment_Rewrite_Automation/MaerskAppAutomation"/>
    <property name="java.vendor.url" value="http://java.oracle.com/"/>
    <property name="path.separator" value=":"/>
    <property name="guice.disable.misplaced.annotation.check" value="true"/>
    <property name="java.vm.name" value="Java HotSpot(TM) 64-Bit Server VM"/>
    <property name="file.encoding.pkg" value="sun.io"/>
    <property name="user.country" value="IN"/>
    <property name="sun.java.launcher" value="SUN_STANDARD"/>
    <property name="sun.os.patch.level" value="unknown"/>
    <property name="java.vm.specification.name" value="Java Virtual Machine Specification"/>
    <property name="user.dir" value="/Users/ahmer/Documents/Shipment_Rewrite_Automation/MaerskAppAutomation"/>
    <property name="java.runtime.version" value="1.8.0_261-b12"/>
    <property name="java.awt.graphicsenv" value="sun.awt.CGraphicsEnvironment"/>
    <property name="java.endorsed.dirs" value="/Library/Java/JavaVirtualMachines/jdk1.8.0_261.jdk/Contents/Home/jre/lib/endorsed"/>
    <property name="os.arch" value="x86_64"/>
    <property name="java.io.tmpdir" value="/var/folders/j9/hg4jkp1n6q14mznbv5ycpz8h0000gp/T/"/>
    <property name="line.separator" value="&#10;"/>
    <property name="java.vm.specification.vendor" value="Oracle Corporation"/>
    <property name="os.name" value="Mac OS X"/>
    <property name="classworlds.conf" value="/Users/ahmer/apache-maven-3.6.3/bin/m2.conf"/>
    <property name="sun.jnu.encoding" value="UTF-8"/>
    <property name="java.library.path" value="/Users/ahmer/Library/Java/Extensions:/Library/Java/Extensions:/Network/Library/Java/Extensions:/System/Library/Java/Extensions:/usr/lib/java:."/>
    <property name="maven.conf" value="/Users/ahmer/apache-maven-3.6.3/conf"/>
    <property name="java.specification.name" value="Java Platform API Specification"/>
    <property name="java.class.version" value="52.0"/>
    <property name="sun.management.compiler" value="HotSpot 64-Bit Tiered Compilers"/>
    <property name="os.version" value="10.15.6"/>
    <property name="library.jansi.path" value="/Users/ahmer/apache-maven-3.6.3/lib/jansi-native"/>
    <property name="user.home" value="/Users/ahmer"/>
    <property name="user.timezone" value="Asia/Kolkata"/>
    <property name="java.awt.printerjob" value="sun.lwawt.macosx.CPrinterJob"/>
    <property name="java.specification.version" value="1.8"/>
    <property name="file.encoding" value="UTF-8"/>
    <property name="user.name" value="ahmer"/>
    <property name="java.class.path" value="/Users/ahmer/apache-maven-3.6.3/boot/plexus-classworlds-2.6.0.jar"/>
    <property name="java.vm.specification.version" value="1.8"/>
    <property name="sun.arch.data.model" value="64"/>
    <property name="java.home" value="/Library/Java/JavaVirtualMachines/jdk1.8.0_261.jdk/Contents/Home/jre"/>
    <property name="sun.java.command" value="org.codehaus.plexus.classworlds.launcher.Launcher clean test -DtestSuite=AndroidTestBrowserstack"/>
    <property name="testSuite" value="AndroidTestBrowserstack"/>
    <property name="java.specification.vendor" value="Oracle Corporation"/>
    <property name="user.language" value="en"/>
    <property name="awt.toolkit" value="sun.lwawt.macosx.LWCToolkit"/>
    <property name="java.vm.info" value="mixed mode"/>
    <property name="java.version" value="1.8.0_261"/>
    <property name="java.ext.dirs" value="/Users/ahmer/Library/Java/Extensions:/Library/Java/JavaVirtualMachines/jdk1.8.0_261.jdk/Contents/Home/jre/lib/ext:/Library/Java/Extensions:/Network/Library/Java/Extensions:/System/Library/Java/Extensions:/usr/lib/java"/>
    <property name="sun.boot.class.path" value="/Library/Java/JavaVirtualMachines/jdk1.8.0_261.jdk/Contents/Home/jre/lib/resources.jar:/Library/Java/JavaVirtualMachines/jdk1.8.0_261.jdk/Contents/Home/jre/lib/rt.jar:/Library/Java/JavaVirtualMachines/jdk1.8.0_261.jdk/Contents/Home/jre/lib/sunrsasign.jar:/Library/Java/JavaVirtualMachines/jdk1.8.0_261.jdk/Contents/Home/jre/lib/jsse.jar:/Library/Java/JavaVirtualMachines/jdk1.8.0_261.jdk/Contents/Home/jre/lib/jce.jar:/Library/Java/JavaVirtualMachines/jdk1.8.0_261.jdk/Contents/Home/jre/lib/charsets.jar:/Library/Java/JavaVirtualMachines/jdk1.8.0_261.jdk/Contents/Home/jre/lib/jfr.jar:/Library/Java/JavaVirtualMachines/jdk1.8.0_261.jdk/Contents/Home/jre/classes"/>
    <property name="java.vendor" value="Oracle Corporation"/>
    <property name="maven.home" value="/Users/ahmer/apache-maven-3.6.3"/>
    <property name="file.separator" value="/"/>
    <property name="java.vendor.url.bug" value="http://bugreport.sun.com/bugreport/"/>
    <property name="sun.cpu.endian" value="little"/>
    <property name="sun.io.unicode.encoding" value="UnicodeBig"/>
    <property name="sun.cpu.isalist" value=""/>
  </properties>
  <testcase name="TC_001" classname="testScripts.TestScripts" time="2.884"/>
  <testcase name="TC_002" classname="testScripts.TestScripts" time="1.214"/>
  <testcase name="TC_003" classname="testScripts.TestScripts" time="0">
    <skipped/>
    <system-out>TC_003
Iteration >>>>>>>>>>>>>>>>>>> 5
</system-out>
  </testcase>
  <testcase name="TC_001" classname="testScripts.TestScripts" time="2.906"/>
  <testcase name="TC_001" classname="testScripts.TestScripts" time="1.254"/>
  <testcase name="TC_001" classname="testScripts.TestScripts" time="0.108"/>
  <testcase name="TC_001" classname="testScripts.TestScripts" time="0.829"/>
  <testcase name="TC_002" classname="testScripts.TestScripts" time="0.755"/>
  <testcase name="TC_003" classname="testScripts.TestScripts" time="0">
    <skipped/>
    <system-out>TC_003
Iteration >>>>>>>>>>>>>>>>>>> 5
</system-out>
  </testcase>
  <testcase name="TC_004" classname="testScripts.TestScripts" time="3.546"/>
  <testcase name="TC_001" classname="testScripts.TestScripts" time="1.053"/>
  <testcase name="TC_002" classname="testScripts.TestScripts" time="0.341"/>
  <testcase name="TC_003" classname="testScripts.TestScripts" time="0">
    <skipped/>
    <system-out>TC_003
Iteration >>>>>>>>>>>>>>>>>>> 5
</system-out>
  </testcase>
  <testcase name="TC_002" classname="testScripts.TestScripts" time="2.277"/>
  <testcase name="TC_003" classname="testScripts.TestScripts" time="0">
    <skipped/>
    <system-out>TC_003
Iteration >>>>>>>>>>>>>>>>>>> 5
</system-out>
  </testcase>
  <testcase name="TC_002" classname="testScripts.TestScripts" time="0.009"/>
  <testcase name="TC_003" classname="testScripts.TestScripts" time="0">
    <skipped/>
    <system-out>TC_003
Iteration >>>>>>>>>>>>>>>>>>> 5
</system-out>
  </testcase>
  <testcase name="TC_004" classname="testScripts.TestScripts" time="0.256"/>
  <testcase name="TC_005" classname="testScripts.TestScripts" time="2.588"/>
  <testcase name="TC_001" classname="testScripts.TestScripts" time="2.596"/>
  <testcase name="TC_002" classname="testScripts.TestScripts" time="3.944"/>
  <testcase name="TC_003" classname="testScripts.TestScripts" time="0">
    <skipped/>
    <system-out>TC_003
Iteration >>>>>>>>>>>>>>>>>>> 5
</system-out>
  </testcase>
  <testcase name="TC_001" classname="testScripts.TestScripts" time="3.379"/>
  <testcase name="TC_005" classname="testScripts.TestScripts" time="1.217"/>
  <testcase name="TC_004" classname="testScripts.TestScripts" time="1.881"/>
  <testcase name="TC_002" classname="testScripts.TestScripts" time="2.443"/>
  <testcase name="TC_003" classname="testScripts.TestScripts" time="0">
    <skipped/>
    <system-out>TC_003
Iteration >>>>>>>>>>>>>>>>>>> 5
</system-out>
  </testcase>
  <testcase name="TC_004" classname="testScripts.TestScripts" time="0.801"/>
  <testcase name="TC_004" classname="testScripts.TestScripts" time="1.494"/>
  <testcase name="TC_001" classname="testScripts.TestScripts" time="3.532"/>
  <testcase name="TC_004" classname="testScripts.TestScripts" time="2.492"/>
  <testcase name="TC_002" classname="testScripts.TestScripts" time="0.872"/>
  <testcase name="TC_003" classname="testScripts.TestScripts" time="0">
    <skipped/>
    <system-out>TC_003
Iteration >>>>>>>>>>>>>>>>>>> 5
</system-out>
  </testcase>
  <testcase name="TC_005" classname="testScripts.TestScripts" time="2.857"/>
  <testcase name="TC_005" classname="testScripts.TestScripts" time="3.337"/>
  <testcase name="TC_004" classname="testScripts.TestScripts" time="3.38"/>
  <testcase name="TC_002" classname="testScripts.TestScripts" time="0.715"/>
  <testcase name="TC_003" classname="testScripts.TestScripts" time="0">
    <skipped/>
    <system-out>TC_003
Iteration >>>>>>>>>>>>>>>>>>> 5
</system-out>
  </testcase>
  <testcase name="TC_005" classname="testScripts.TestScripts" time="1.875"/>
  <testcase name="TC_005" classname="testScripts.TestScripts" time="7.722"/>
  <testcase name="TC_004" classname="testScripts.TestScripts" time="9.162"/>
  <testcase name="TC_001" classname="testScripts.TestScripts" time="1.339"/>
  <testcase name="TC_005" classname="testScripts.TestScripts" time="4.618"/>
  <testcase name="TC_004" classname="testScripts.TestScripts" time="5.983"/>
  <testcase name="TC_002" classname="testScripts.TestScripts" time="9.13"/>
  <testcase name="TC_003" classname="testScripts.TestScripts" time="0">
    <skipped/>
    <system-out>TC_003
Iteration >>>>>>>>>>>>>>>>>>> 5
</system-out>
  </testcase>
  <testcase name="TC_005" classname="testScripts.TestScripts" time="0.007"/>
  <testcase name="TC_005" classname="testScripts.TestScripts" time="6.737"/>
  <testcase name="TC_004" classname="testScripts.TestScripts" time="19.109"/>
  <testcase name="TC_005" classname="testScripts.TestScripts" time="18.063"/>
</testsuite>