<?xml version="1.0" encoding="UTF-8"?>
<!-- Generated by org.testng.reporters.JUnitReportReporter -->
<testsuite skipped="10" hostname="MMDC02YN5JRJG5J" name="testScripts.TestScripts" tests="50" failures="0" timestamp="17 Jun 2021 21:16:30 GMT" time="538.922" errors="0">
  <testcase name="TC_003" time="0.002" classname="testScripts.TestScripts">
    <skipped/>
  </testcase> <!-- TC_003 -->
  <testcase name="TC_001" time="12.560" classname="testScripts.TestScripts"/>
  <testcase name="TC_004" time="10.300" classname="testScripts.TestScripts"/>
  <testcase name="TC_004" time="16.546" classname="testScripts.TestScripts"/>
  <testcase name="TC_004" time="16.628" classname="testScripts.TestScripts"/>
  <testcase name="TC_001" time="10.294" classname="testScripts.TestScripts"/>
  <testcase name="TC_001" time="10.416" classname="testScripts.TestScripts"/>
  <testcase name="TC_003" time="0.000" classname="testScripts.TestScripts">
    <skipped/>
  </testcase> <!-- TC_003 -->
  <testcase name="TC_004" time="14.889" classname="testScripts.TestScripts"/>
  <testcase name="TC_005" time="11.561" classname="testScripts.TestScripts"/>
  <testcase name="TC_005" time="15.604" classname="testScripts.TestScripts"/>
  <testcase name="TC_003" time="0.001" classname="testScripts.TestScripts">
    <skipped/>
  </testcase> <!-- TC_003 -->
  <testcase name="TC_003" time="0.000" classname="testScripts.TestScripts">
    <skipped/>
  </testcase> <!-- TC_003 -->
  <testcase name="TC_003" time="0.001" classname="testScripts.TestScripts">
    <skipped/>
  </testcase> <!-- TC_003 -->
  <testcase name="TC_001" time="13.350" classname="testScripts.TestScripts"/>
  <testcase name="TC_004" time="16.494" classname="testScripts.TestScripts"/>
  <testcase name="TC_002" time="2.521" classname="testScripts.TestScripts"/>
  <testcase name="TC_005" time="14.877" classname="testScripts.TestScripts"/>
  <testcase name="TC_005" time="16.528" classname="testScripts.TestScripts"/>
  <testcase name="TC_003" time="0.001" classname="testScripts.TestScripts">
    <skipped/>
  </testcase> <!-- TC_003 -->
  <testcase name="TC_003" time="0.000" classname="testScripts.TestScripts">
    <skipped/>
  </testcase> <!-- TC_003 -->
  <testcase name="TC_003" time="0.001" classname="testScripts.TestScripts">
    <skipped/>
  </testcase> <!-- TC_003 -->
  <testcase name="TC_003" time="0.002" classname="testScripts.TestScripts">
    <skipped/>
  </testcase> <!-- TC_003 -->
  <testcase name="TC_001" time="11.425" classname="testScripts.TestScripts"/>
  <testcase name="TC_002" time="3.786" classname="testScripts.TestScripts"/>
  <testcase name="TC_001" time="8.548" classname="testScripts.TestScripts"/>
  <testcase name="TC_004" time="16.997" classname="testScripts.TestScripts"/>
  <testcase name="TC_002" time="11.278" classname="testScripts.TestScripts"/>
  <testcase name="TC_001" time="15.497" classname="testScripts.TestScripts"/>
  <testcase name="TC_001" time="14.748" classname="testScripts.TestScripts"/>
  <testcase name="TC_005" time="16.811" classname="testScripts.TestScripts"/>
  <testcase name="TC_005" time="10.283" classname="testScripts.TestScripts"/>
  <testcase name="TC_005" time="15.901" classname="testScripts.TestScripts"/>
  <testcase name="TC_005" time="15.976" classname="testScripts.TestScripts"/>
  <testcase name="TC_002" time="13.831" classname="testScripts.TestScripts"/>
  <testcase name="TC_001" time="13.785" classname="testScripts.TestScripts"/>
  <testcase name="TC_004" time="19.109" classname="testScripts.TestScripts"/>
  <testcase name="TC_004" time="17.472" classname="testScripts.TestScripts"/>
  <testcase name="TC_002" time="11.115" classname="testScripts.TestScripts"/>
  <testcase name="TC_002" time="12.091" classname="testScripts.TestScripts"/>
  <testcase name="TC_003" time="0.000" classname="testScripts.TestScripts">
    <skipped/>
  </testcase> <!-- TC_003 -->
  <testcase name="TC_001" time="12.639" classname="testScripts.TestScripts"/>
  <testcase name="TC_004" time="15.876" classname="testScripts.TestScripts"/>
  <testcase name="TC_005" time="18.063" classname="testScripts.TestScripts"/>
  <testcase name="TC_002" time="11.725" classname="testScripts.TestScripts"/>
  <testcase name="TC_002" time="15.136" classname="testScripts.TestScripts"/>
  <testcase name="TC_002" time="13.300" classname="testScripts.TestScripts"/>
  <testcase name="TC_004" time="11.233" classname="testScripts.TestScripts"/>
  <testcase name="TC_002" time="13.184" classname="testScripts.TestScripts"/>
  <testcase name="TC_005" time="16.537" classname="testScripts.TestScripts"/>
</testsuite> <!-- testScripts.TestScripts -->
