<?xml version="1.0" encoding="UTF-8"?>
<!-- Generated by org.testng.reporters.JUnitReportReporter -->
<testsuite skipped="0" hostname="MaerskMTC06sMBP.domain.name" name="testScripts.RegressionTestScripts" tests="2" failures="0" timestamp="13 Oct 2020 12:33:51 GMT" time="6.153" errors="0">
  <testcase name="TC_001" time="5.226" classname="testScripts.RegressionTestScripts"/>
  <testcase name="TC_001" time="0.927" classname="testScripts.RegressionTestScripts"/>
</testsuite> <!-- testScripts.RegressionTestScripts -->
