<?xml version="1.0" encoding="UTF-8"?>
<!-- Generated by org.testng.reporters.JUnitReportReporter -->
<testsuite skipped="6" hostname="MMDC02YN5JRJG5J" name="testScripts.TestScripts" tests="30" failures="0" timestamp="17 Jun 2021 20:12:43 GMT" time="217.062" errors="0">
  <testcase name="TC_002" time="2.198" classname="testScripts.TestScripts"/>
  <testcase name="TC_003" time="0.001" classname="testScripts.TestScripts">
    <skipped/>
  </testcase> <!-- TC_003 -->
  <testcase name="TC_004" time="15.263" classname="testScripts.TestScripts"/>
  <testcase name="TC_002" time="2.695" classname="testScripts.TestScripts"/>
  <testcase name="TC_004" time="11.518" classname="testScripts.TestScripts"/>
  <testcase name="TC_003" time="0.001" classname="testScripts.TestScripts">
    <skipped/>
  </testcase> <!-- TC_003 -->
  <testcase name="TC_003" time="0.001" classname="testScripts.TestScripts">
    <skipped/>
  </testcase> <!-- TC_003 -->
  <testcase name="TC_005" time="11.071" classname="testScripts.TestScripts"/>
  <testcase name="TC_004" time="9.952" classname="testScripts.TestScripts"/>
  <testcase name="TC_001" time="7.409" classname="testScripts.TestScripts"/>
  <testcase name="TC_001" time="9.549" classname="testScripts.TestScripts"/>
  <testcase name="TC_005" time="10.804" classname="testScripts.TestScripts"/>
  <testcase name="TC_002" time="11.753" classname="testScripts.TestScripts"/>
  <testcase name="TC_003" time="0.002" classname="testScripts.TestScripts">
    <skipped/>
  </testcase> <!-- TC_003 -->
  <testcase name="TC_003" time="0.001" classname="testScripts.TestScripts">
    <skipped/>
  </testcase> <!-- TC_003 -->
  <testcase name="TC_005" time="16.239" classname="testScripts.TestScripts"/>
  <testcase name="TC_001" time="7.931" classname="testScripts.TestScripts"/>
  <testcase name="TC_005" time="10.190" classname="testScripts.TestScripts"/>
  <testcase name="TC_002" time="3.152" classname="testScripts.TestScripts"/>
  <testcase name="TC_004" time="10.324" classname="testScripts.TestScripts"/>
  <testcase name="TC_002" time="3.010" classname="testScripts.TestScripts"/>
  <testcase name="TC_001" time="8.136" classname="testScripts.TestScripts"/>
  <testcase name="TC_004" time="9.891" classname="testScripts.TestScripts"/>
  <testcase name="TC_001" time="6.964" classname="testScripts.TestScripts"/>
  <testcase name="TC_002" time="2.430" classname="testScripts.TestScripts"/>
  <testcase name="TC_003" time="0.002" classname="testScripts.TestScripts">
    <skipped/>
  </testcase> <!-- TC_003 -->
  <testcase name="TC_005" time="9.950" classname="testScripts.TestScripts"/>
  <testcase name="TC_005" time="10.563" classname="testScripts.TestScripts"/>
  <testcase name="TC_004" time="10.288" classname="testScripts.TestScripts"/>
  <testcase name="TC_001" time="15.774" classname="testScripts.TestScripts"/>
</testsuite> <!-- testScripts.TestScripts -->
